<?xml version="1.0" encoding="UTF-8"?>
<!-- Generated by org.testng.reporters.JUnitReportReporter -->
<testsuite skipped="0" hostname="CMLPMTHILAKARAT" name="Test.Test1" tests="1" failures="0" timestamp="02 Sep 2019 05:26:05 GMT" time="9.130" errors="0">
  <testcase name="loginTest" time="9.130" classname="Test.Test1"/>
</testsuite> <!-- Test.Test1 -->
